0 info it worked if it ends with ok
1 verbose cli [ '/usr/local/bin/node', '/usr/local/bin/npm', 'run', 'nodal' ]
2 info using npm@3.9.0
3 info using node@v6.0.0
4 verbose run-script [ 'prenodal', 'nodal', 'postnodal' ]
5 info lifecycle typo-world-news@0.0.1~prenodal: typo-world-news@0.0.1
6 silly lifecycle typo-world-news@0.0.1~prenodal: no script for prenodal, continuing
7 info lifecycle typo-world-news@0.0.1~nodal: typo-world-news@0.0.1
8 verbose lifecycle typo-world-news@0.0.1~nodal: unsafe-perm in lifecycle true
9 verbose lifecycle typo-world-news@0.0.1~nodal: PATH: /usr/local/lib/node_modules/npm/bin/node-gyp-bin:/Users/Tj/codeStuff/hr42/projects/greenfield/news/node_modules/.bin:/usr/local/bin:/usr/local/bin:/usr/bin:/bin:/usr/sbin:/sbin:/usr/local/git/bin
10 verbose lifecycle typo-world-news@0.0.1~nodal: CWD: /Users/Tj/codeStuff/hr42/projects/greenfield/news
11 silly lifecycle typo-world-news@0.0.1~nodal: Args: [ '-c', 'cd server/api && nodal db:bootstrap && noda s' ]
12 info lifecycle typo-world-news@0.0.1~nodal: Failed to exec nodal script
13 verbose stack Error: typo-world-news@0.0.1 nodal: `cd server/api && nodal db:bootstrap && noda s`
13 verbose stack spawn ENOENT
13 verbose stack     at ChildProcess.<anonymous> (/usr/local/lib/node_modules/npm/lib/utils/spawn.js:17:16)
13 verbose stack     at emitTwo (events.js:106:13)
13 verbose stack     at ChildProcess.emit (events.js:191:7)
13 verbose stack     at maybeClose (internal/child_process.js:850:16)
13 verbose stack     at Process.ChildProcess._handle.onexit (internal/child_process.js:215:5)
14 verbose pkgid typo-world-news@0.0.1
15 verbose cwd /Users/Tj/codeStuff/hr42/projects/greenfield/news/server
16 error Darwin 15.5.0
17 error argv "/usr/local/bin/node" "/usr/local/bin/npm" "run" "nodal"
18 error node v6.0.0
19 error npm  v3.9.0
20 error file sh
21 error code ELIFECYCLE
22 error errno ENOENT
23 error syscall spawn
24 error typo-world-news@0.0.1 nodal: `cd server/api && nodal db:bootstrap && noda s`
24 error spawn ENOENT
25 error Failed at the typo-world-news@0.0.1 nodal script 'cd server/api && nodal db:bootstrap && noda s'.
25 error Make sure you have the latest version of node.js and npm installed.
25 error If you do, this is most likely a problem with the typo-world-news package,
25 error not with npm itself.
25 error Tell the author that this fails on your system:
25 error     cd server/api && nodal db:bootstrap && noda s
25 error You can get information on how to open an issue for this project with:
25 error     npm bugs typo-world-news
25 error Or if that isn't available, you can get their info via:
25 error     npm owner ls typo-world-news
25 error There is likely additional logging output above.
26 verbose exit [ 1, true ]
